[ 11/8/2019 8:00:34 AM ] [ ERROR ]: Unable to connect to the remote server
   at System.Net.HttpWebRequest.GetRequestStream(TransportContext& context)
   at System.Net.HttpWebRequest.GetRequestStream()
   at oadrlib.lib.http.HttpWebRequestWrapper.post(String url, String contentType, String content, X509Certificate2Collection certCollection) in C:\Users\hieu\Desktop\OpenADR-Virtual-End-Node-master\oadrlib\lib\http\HttpWebRequestWrapper.cs:line 144
   at oadrlib.lib.helper.VEN.postRequest(String requestBody, String endPoint, OadrRequest oadrRequest, Type responseType) in C:\Users\hieu\Desktop\OpenADR-Virtual-End-Node-master\oadrlib\lib\helper\VEN.cs:line 135
   at oadrlib.lib.oadr2b.VEN2b.postRequest(String requestBody, String endPoint, OadrRequest2b oadrRequest, Boolean expectingOadrResponse) in C:\Users\hieu\Desktop\OpenADR-Virtual-End-Node-master\oadrlib\lib\oadr2b\VEN2b.cs:line 68
   at oadrlib.lib.oadr2b.VEN2b.queryRegistration(String requestID) in C:\Users\hieu\Desktop\OpenADR-Virtual-End-Node-master\oadrlib\lib\oadr2b\VEN2b.cs:line 226
   at oadr2b_ven.ven.VenWrapper.doQueryPartyRegistration() in C:\Users\hieu\Desktop\OpenADR-Virtual-End-Node-master\oadr2b-ven\ven\VenWrapper.cs:line 159
   at oadr2b_ven.ven.VenWrapper.handleRegistration(Boolean forceReregister) in C:\Users\hieu\Desktop\OpenADR-Virtual-End-Node-master\oadr2b-ven\ven\VenWrapper.cs:line 286
[ 11/8/2019 8:00:48 AM ] [ ERROR ]: Unable to connect to the remote server
   at System.Net.HttpWebRequest.GetRequestStream(TransportContext& context)
   at System.Net.HttpWebRequest.GetRequestStream()
   at oadrlib.lib.http.HttpWebRequestWrapper.post(String url, String contentType, String content, X509Certificate2Collection certCollection) in C:\Users\hieu\Desktop\OpenADR-Virtual-End-Node-master\oadrlib\lib\http\HttpWebRequestWrapper.cs:line 144
   at oadrlib.lib.helper.VEN.postRequest(String requestBody, String endPoint, OadrRequest oadrRequest, Type responseType) in C:\Users\hieu\Desktop\OpenADR-Virtual-End-Node-master\oadrlib\lib\helper\VEN.cs:line 135
   at oadrlib.lib.oadr2b.VEN2b.postRequest(String requestBody, String endPoint, OadrRequest2b oadrRequest, Boolean expectingOadrResponse) in C:\Users\hieu\Desktop\OpenADR-Virtual-End-Node-master\oadrlib\lib\oadr2b\VEN2b.cs:line 68
   at oadrlib.lib.oadr2b.VEN2b.queryRegistration(String requestID) in C:\Users\hieu\Desktop\OpenADR-Virtual-End-Node-master\oadrlib\lib\oadr2b\VEN2b.cs:line 226
   at oadr2b_ven.ven.VenWrapper.doQueryPartyRegistration() in C:\Users\hieu\Desktop\OpenADR-Virtual-End-Node-master\oadr2b-ven\ven\VenWrapper.cs:line 159
   at oadr2b_ven.ven.VenWrapper.handleRegistration(Boolean forceReregister) in C:\Users\hieu\Desktop\OpenADR-Virtual-End-Node-master\oadr2b-ven\ven\VenWrapper.cs:line 286
[ 11/8/2019 8:01:02 AM ] [ ERROR ]: Unable to connect to the remote server
   at System.Net.HttpWebRequest.GetRequestStream(TransportContext& context)
   at System.Net.HttpWebRequest.GetRequestStream()
   at oadrlib.lib.http.HttpWebRequestWrapper.post(String url, String contentType, String content, X509Certificate2Collection certCollection) in C:\Users\hieu\Desktop\OpenADR-Virtual-End-Node-master\oadrlib\lib\http\HttpWebRequestWrapper.cs:line 144
   at oadrlib.lib.helper.VEN.postRequest(String requestBody, String endPoint, OadrRequest oadrRequest, Type responseType) in C:\Users\hieu\Desktop\OpenADR-Virtual-End-Node-master\oadrlib\lib\helper\VEN.cs:line 135
   at oadrlib.lib.oadr2b.VEN2b.postRequest(String requestBody, String endPoint, OadrRequest2b oadrRequest, Boolean expectingOadrResponse) in C:\Users\hieu\Desktop\OpenADR-Virtual-End-Node-master\oadrlib\lib\oadr2b\VEN2b.cs:line 68
   at oadrlib.lib.oadr2b.VEN2b.queryRegistration(String requestID) in C:\Users\hieu\Desktop\OpenADR-Virtual-End-Node-master\oadrlib\lib\oadr2b\VEN2b.cs:line 226
   at oadr2b_ven.ven.VenWrapper.doQueryPartyRegistration() in C:\Users\hieu\Desktop\OpenADR-Virtual-End-Node-master\oadr2b-ven\ven\VenWrapper.cs:line 159
   at oadr2b_ven.ven.VenWrapper.handleRegistration(Boolean forceReregister) in C:\Users\hieu\Desktop\OpenADR-Virtual-End-Node-master\oadr2b-ven\ven\VenWrapper.cs:line 286
[ 11/8/2019 8:01:02 AM ] [ ERROR ]: Unable to connect to the remote server
   at System.Net.HttpWebRequest.GetRequestStream(TransportContext& context)
   at System.Net.HttpWebRequest.GetRequestStream()
   at oadrlib.lib.http.HttpWebRequestWrapper.post(String url, String contentType, String content, X509Certificate2Collection certCollection) in C:\Users\hieu\Desktop\OpenADR-Virtual-End-Node-master\oadrlib\lib\http\HttpWebRequestWrapper.cs:line 144
   at oadrlib.lib.helper.VEN.postRequest(String requestBody, String endPoint, OadrRequest oadrRequest, Type responseType) in C:\Users\hieu\Desktop\OpenADR-Virtual-End-Node-master\oadrlib\lib\helper\VEN.cs:line 135
   at oadrlib.lib.oadr2b.VEN2b.postRequest(String requestBody, String endPoint, OadrRequest2b oadrRequest, Boolean expectingOadrResponse) in C:\Users\hieu\Desktop\OpenADR-Virtual-End-Node-master\oadrlib\lib\oadr2b\VEN2b.cs:line 68
   at oadrlib.lib.oadr2b.VEN2b.queryRegistration(String requestID) in C:\Users\hieu\Desktop\OpenADR-Virtual-End-Node-master\oadrlib\lib\oadr2b\VEN2b.cs:line 226
   at oadr2b_ven.ven.VenWrapper.doQueryPartyRegistration() in C:\Users\hieu\Desktop\OpenADR-Virtual-End-Node-master\oadr2b-ven\ven\VenWrapper.cs:line 159
   at oadr2b_ven.ven.VenWrapper.handleRegistration(Boolean forceReregister) in C:\Users\hieu\Desktop\OpenADR-Virtual-End-Node-master\oadr2b-ven\ven\VenWrapper.cs:line 286
[ 11/8/2019 8:43:29 AM ] [ ERROR ]: Unable to connect to the remote server
   at System.Net.HttpWebRequest.GetRequestStream(TransportContext& context)
   at System.Net.HttpWebRequest.GetRequestStream()
   at oadrlib.lib.http.HttpWebRequestWrapper.post(String url, String contentType, String content, X509Certificate2Collection certCollection) in C:\Users\hieu\Desktop\OpenADR-Virtual-End-Node-master\oadrlib\lib\http\HttpWebRequestWrapper.cs:line 144
   at oadrlib.lib.helper.VEN.postRequest(String requestBody, String endPoint, OadrRequest oadrRequest, Type responseType) in C:\Users\hieu\Desktop\OpenADR-Virtual-End-Node-master\oadrlib\lib\helper\VEN.cs:line 135
   at oadrlib.lib.oadr2b.VEN2b.postRequest(String requestBody, String endPoint, OadrRequest2b oadrRequest, Boolean expectingOadrResponse) in C:\Users\hieu\Desktop\OpenADR-Virtual-End-Node-master\oadrlib\lib\oadr2b\VEN2b.cs:line 68
   at oadrlib.lib.oadr2b.VEN2b.queryRegistration(String requestID) in C:\Users\hieu\Desktop\OpenADR-Virtual-End-Node-master\oadrlib\lib\oadr2b\VEN2b.cs:line 226
   at oadr2b_ven.ven.VenWrapper.doQueryPartyRegistration() in C:\Users\hieu\Desktop\OpenADR-Virtual-End-Node-master\oadr2b-ven\ven\VenWrapper.cs:line 159
   at oadr2b_ven.ven.VenWrapper.handleRegistration(Boolean forceReregister) in C:\Users\hieu\Desktop\OpenADR-Virtual-End-Node-master\oadr2b-ven\ven\VenWrapper.cs:line 286
[ 11/8/2019 9:04:56 AM ] [ ERROR ]: Unable to connect to the remote server
   at System.Net.HttpWebRequest.GetRequestStream(TransportContext& context)
   at System.Net.HttpWebRequest.GetRequestStream()
   at oadrlib.lib.http.HttpWebRequestWrapper.post(String url, String contentType, String content, X509Certificate2Collection certCollection) in C:\Users\hieu\Desktop\OpenADR-Virtual-End-Node-master\oadrlib\lib\http\HttpWebRequestWrapper.cs:line 144
   at oadrlib.lib.helper.VEN.postRequest(String requestBody, String endPoint, OadrRequest oadrRequest, Type responseType) in C:\Users\hieu\Desktop\OpenADR-Virtual-End-Node-master\oadrlib\lib\helper\VEN.cs:line 135
   at oadrlib.lib.oadr2b.VEN2b.postRequest(String requestBody, String endPoint, OadrRequest2b oadrRequest, Boolean expectingOadrResponse) in C:\Users\hieu\Desktop\OpenADR-Virtual-End-Node-master\oadrlib\lib\oadr2b\VEN2b.cs:line 68
   at oadrlib.lib.oadr2b.VEN2b.queryRegistration(String requestID) in C:\Users\hieu\Desktop\OpenADR-Virtual-End-Node-master\oadrlib\lib\oadr2b\VEN2b.cs:line 226
   at oadr2b_ven.ven.VenWrapper.doQueryPartyRegistration() in C:\Users\hieu\Desktop\OpenADR-Virtual-End-Node-master\oadr2b-ven\ven\VenWrapper.cs:line 159
   at oadr2b_ven.ven.VenWrapper.handleRegistration(Boolean forceReregister) in C:\Users\hieu\Desktop\OpenADR-Virtual-End-Node-master\oadr2b-ven\ven\VenWrapper.cs:line 286
[ 11/8/2019 9:04:56 AM ] [ ERROR ]: Unable to connect to the remote server
   at System.Net.HttpWebRequest.GetRequestStream(TransportContext& context)
   at System.Net.HttpWebRequest.GetRequestStream()
   at oadrlib.lib.http.HttpWebRequestWrapper.post(String url, String contentType, String content, X509Certificate2Collection certCollection) in C:\Users\hieu\Desktop\OpenADR-Virtual-End-Node-master\oadrlib\lib\http\HttpWebRequestWrapper.cs:line 144
   at oadrlib.lib.helper.VEN.postRequest(String requestBody, String endPoint, OadrRequest oadrRequest, Type responseType) in C:\Users\hieu\Desktop\OpenADR-Virtual-End-Node-master\oadrlib\lib\helper\VEN.cs:line 135
   at oadrlib.lib.oadr2b.VEN2b.postRequest(String requestBody, String endPoint, OadrRequest2b oadrRequest, Boolean expectingOadrResponse) in C:\Users\hieu\Desktop\OpenADR-Virtual-End-Node-master\oadrlib\lib\oadr2b\VEN2b.cs:line 68
   at oadrlib.lib.oadr2b.VEN2b.queryRegistration(String requestID) in C:\Users\hieu\Desktop\OpenADR-Virtual-End-Node-master\oadrlib\lib\oadr2b\VEN2b.cs:line 226
   at oadr2b_ven.ven.VenWrapper.doQueryPartyRegistration() in C:\Users\hieu\Desktop\OpenADR-Virtual-End-Node-master\oadr2b-ven\ven\VenWrapper.cs:line 159
   at oadr2b_ven.ven.VenWrapper.handleRegistration(Boolean forceReregister) in C:\Users\hieu\Desktop\OpenADR-Virtual-End-Node-master\oadr2b-ven\ven\VenWrapper.cs:line 286
[ 11/8/2019 9:05:10 AM ] [ ERROR ]: Unable to connect to the remote server
   at System.Net.HttpWebRequest.GetRequestStream(TransportContext& context)
   at System.Net.HttpWebRequest.GetRequestStream()
   at oadrlib.lib.http.HttpWebRequestWrapper.post(String url, String contentType, String content, X509Certificate2Collection certCollection) in C:\Users\hieu\Desktop\OpenADR-Virtual-End-Node-master\oadrlib\lib\http\HttpWebRequestWrapper.cs:line 144
   at oadrlib.lib.helper.VEN.postRequest(String requestBody, String endPoint, OadrRequest oadrRequest, Type responseType) in C:\Users\hieu\Desktop\OpenADR-Virtual-End-Node-master\oadrlib\lib\helper\VEN.cs:line 135
   at oadrlib.lib.oadr2b.VEN2b.postRequest(String requestBody, String endPoint, OadrRequest2b oadrRequest, Boolean expectingOadrResponse) in C:\Users\hieu\Desktop\OpenADR-Virtual-End-Node-master\oadrlib\lib\oadr2b\VEN2b.cs:line 68
   at oadrlib.lib.oadr2b.VEN2b.queryRegistration(String requestID) in C:\Users\hieu\Desktop\OpenADR-Virtual-End-Node-master\oadrlib\lib\oadr2b\VEN2b.cs:line 226
   at oadr2b_ven.ven.VenWrapper.doQueryPartyRegistration() in C:\Users\hieu\Desktop\OpenADR-Virtual-End-Node-master\oadr2b-ven\ven\VenWrapper.cs:line 159
   at oadr2b_ven.ven.VenWrapper.handleRegistration(Boolean forceReregister) in C:\Users\hieu\Desktop\OpenADR-Virtual-End-Node-master\oadr2b-ven\ven\VenWrapper.cs:line 286
[ 11/8/2019 9:05:10 AM ] [ ERROR ]: Unable to connect to the remote server
   at System.Net.HttpWebRequest.GetRequestStream(TransportContext& context)
   at System.Net.HttpWebRequest.GetRequestStream()
   at oadrlib.lib.http.HttpWebRequestWrapper.post(String url, String contentType, String content, X509Certificate2Collection certCollection) in C:\Users\hieu\Desktop\OpenADR-Virtual-End-Node-master\oadrlib\lib\http\HttpWebRequestWrapper.cs:line 144
   at oadrlib.lib.helper.VEN.postRequest(String requestBody, String endPoint, OadrRequest oadrRequest, Type responseType) in C:\Users\hieu\Desktop\OpenADR-Virtual-End-Node-master\oadrlib\lib\helper\VEN.cs:line 135
   at oadrlib.lib.oadr2b.VEN2b.postRequest(String requestBody, String endPoint, OadrRequest2b oadrRequest, Boolean expectingOadrResponse) in C:\Users\hieu\Desktop\OpenADR-Virtual-End-Node-master\oadrlib\lib\oadr2b\VEN2b.cs:line 68
   at oadrlib.lib.oadr2b.VEN2b.queryRegistration(String requestID) in C:\Users\hieu\Desktop\OpenADR-Virtual-End-Node-master\oadrlib\lib\oadr2b\VEN2b.cs:line 226
   at oadr2b_ven.ven.VenWrapper.doQueryPartyRegistration() in C:\Users\hieu\Desktop\OpenADR-Virtual-End-Node-master\oadr2b-ven\ven\VenWrapper.cs:line 159
   at oadr2b_ven.ven.VenWrapper.handleRegistration(Boolean forceReregister) in C:\Users\hieu\Desktop\OpenADR-Virtual-End-Node-master\oadr2b-ven\ven\VenWrapper.cs:line 286
[ 11/8/2019 9:05:24 AM ] [ ERROR ]: Unable to connect to the remote server
   at System.Net.HttpWebRequest.GetRequestStream(TransportContext& context)
   at System.Net.HttpWebRequest.GetRequestStream()
   at oadrlib.lib.http.HttpWebRequestWrapper.post(String url, String contentType, String content, X509Certificate2Collection certCollection) in C:\Users\hieu\Desktop\OpenADR-Virtual-End-Node-master\oadrlib\lib\http\HttpWebRequestWrapper.cs:line 144
   at oadrlib.lib.helper.VEN.postRequest(String requestBody, String endPoint, OadrRequest oadrRequest, Type responseType) in C:\Users\hieu\Desktop\OpenADR-Virtual-End-Node-master\oadrlib\lib\helper\VEN.cs:line 135
   at oadrlib.lib.oadr2b.VEN2b.postRequest(String requestBody, String endPoint, OadrRequest2b oadrRequest, Boolean expectingOadrResponse) in C:\Users\hieu\Desktop\OpenADR-Virtual-End-Node-master\oadrlib\lib\oadr2b\VEN2b.cs:line 68
   at oadrlib.lib.oadr2b.VEN2b.queryRegistration(String requestID) in C:\Users\hieu\Desktop\OpenADR-Virtual-End-Node-master\oadrlib\lib\oadr2b\VEN2b.cs:line 226
   at oadr2b_ven.ven.VenWrapper.doQueryPartyRegistration() in C:\Users\hieu\Desktop\OpenADR-Virtual-End-Node-master\oadr2b-ven\ven\VenWrapper.cs:line 159
   at oadr2b_ven.ven.VenWrapper.handleRegistration(Boolean forceReregister) in C:\Users\hieu\Desktop\OpenADR-Virtual-End-Node-master\oadr2b-ven\ven\VenWrapper.cs:line 286
[ 11/8/2019 9:05:24 AM ] [ ERROR ]: Unable to connect to the remote server
   at System.Net.HttpWebRequest.GetRequestStream(TransportContext& context)
   at System.Net.HttpWebRequest.GetRequestStream()
   at oadrlib.lib.http.HttpWebRequestWrapper.post(String url, String contentType, String content, X509Certificate2Collection certCollection) in C:\Users\hieu\Desktop\OpenADR-Virtual-End-Node-master\oadrlib\lib\http\HttpWebRequestWrapper.cs:line 144
   at oadrlib.lib.helper.VEN.postRequest(String requestBody, String endPoint, OadrRequest oadrRequest, Type responseType) in C:\Users\hieu\Desktop\OpenADR-Virtual-End-Node-master\oadrlib\lib\helper\VEN.cs:line 135
   at oadrlib.lib.oadr2b.VEN2b.postRequest(String requestBody, String endPoint, OadrRequest2b oadrRequest, Boolean expectingOadrResponse) in C:\Users\hieu\Desktop\OpenADR-Virtual-End-Node-master\oadrlib\lib\oadr2b\VEN2b.cs:line 68
   at oadrlib.lib.oadr2b.VEN2b.queryRegistration(String requestID) in C:\Users\hieu\Desktop\OpenADR-Virtual-End-Node-master\oadrlib\lib\oadr2b\VEN2b.cs:line 226
   at oadr2b_ven.ven.VenWrapper.doQueryPartyRegistration() in C:\Users\hieu\Desktop\OpenADR-Virtual-End-Node-master\oadr2b-ven\ven\VenWrapper.cs:line 159
   at oadr2b_ven.ven.VenWrapper.handleRegistration(Boolean forceReregister) in C:\Users\hieu\Desktop\OpenADR-Virtual-End-Node-master\oadr2b-ven\ven\VenWrapper.cs:line 286
[ 11/8/2019 9:05:38 AM ] [ ERROR ]: Unable to connect to the remote server
   at System.Net.HttpWebRequest.GetRequestStream(TransportContext& context)
   at System.Net.HttpWebRequest.GetRequestStream()
   at oadrlib.lib.http.HttpWebRequestWrapper.post(String url, String contentType, String content, X509Certificate2Collection certCollection) in C:\Users\hieu\Desktop\OpenADR-Virtual-End-Node-master\oadrlib\lib\http\HttpWebRequestWrapper.cs:line 144
   at oadrlib.lib.helper.VEN.postRequest(String requestBody, String endPoint, OadrRequest oadrRequest, Type responseType) in C:\Users\hieu\Desktop\OpenADR-Virtual-End-Node-master\oadrlib\lib\helper\VEN.cs:line 135
   at oadrlib.lib.oadr2b.VEN2b.postRequest(String requestBody, String endPoint, OadrRequest2b oadrRequest, Boolean expectingOadrResponse) in C:\Users\hieu\Desktop\OpenADR-Virtual-End-Node-master\oadrlib\lib\oadr2b\VEN2b.cs:line 68
   at oadrlib.lib.oadr2b.VEN2b.queryRegistration(String requestID) in C:\Users\hieu\Desktop\OpenADR-Virtual-End-Node-master\oadrlib\lib\oadr2b\VEN2b.cs:line 226
   at oadr2b_ven.ven.VenWrapper.doQueryPartyRegistration() in C:\Users\hieu\Desktop\OpenADR-Virtual-End-Node-master\oadr2b-ven\ven\VenWrapper.cs:line 159
   at oadr2b_ven.ven.VenWrapper.handleRegistration(Boolean forceReregister) in C:\Users\hieu\Desktop\OpenADR-Virtual-End-Node-master\oadr2b-ven\ven\VenWrapper.cs:line 286
[ 11/8/2019 9:05:38 AM ] [ ERROR ]: Unable to connect to the remote server
   at System.Net.HttpWebRequest.GetRequestStream(TransportContext& context)
   at System.Net.HttpWebRequest.GetRequestStream()
   at oadrlib.lib.http.HttpWebRequestWrapper.post(String url, String contentType, String content, X509Certificate2Collection certCollection) in C:\Users\hieu\Desktop\OpenADR-Virtual-End-Node-master\oadrlib\lib\http\HttpWebRequestWrapper.cs:line 144
   at oadrlib.lib.helper.VEN.postRequest(String requestBody, String endPoint, OadrRequest oadrRequest, Type responseType) in C:\Users\hieu\Desktop\OpenADR-Virtual-End-Node-master\oadrlib\lib\helper\VEN.cs:line 135
   at oadrlib.lib.oadr2b.VEN2b.postRequest(String requestBody, String endPoint, OadrRequest2b oadrRequest, Boolean expectingOadrResponse) in C:\Users\hieu\Desktop\OpenADR-Virtual-End-Node-master\oadrlib\lib\oadr2b\VEN2b.cs:line 68
   at oadrlib.lib.oadr2b.VEN2b.queryRegistration(String requestID) in C:\Users\hieu\Desktop\OpenADR-Virtual-End-Node-master\oadrlib\lib\oadr2b\VEN2b.cs:line 226
   at oadr2b_ven.ven.VenWrapper.doQueryPartyRegistration() in C:\Users\hieu\Desktop\OpenADR-Virtual-End-Node-master\oadr2b-ven\ven\VenWrapper.cs:line 159
   at oadr2b_ven.ven.VenWrapper.handleRegistration(Boolean forceReregister) in C:\Users\hieu\Desktop\OpenADR-Virtual-End-Node-master\oadr2b-ven\ven\VenWrapper.cs:line 286
[ 11/8/2019 9:10:54 AM ] [ ERROR ]: Unable to connect to the remote server
   at System.Net.HttpWebRequest.GetRequestStream(TransportContext& context)
   at System.Net.HttpWebRequest.GetRequestStream()
   at oadrlib.lib.http.HttpWebRequestWrapper.post(String url, String contentType, String content, X509Certificate2Collection certCollection) in C:\Users\hieu\Desktop\OpenADR-Virtual-End-Node-master\oadrlib\lib\http\HttpWebRequestWrapper.cs:line 144
   at oadrlib.lib.helper.VEN.postRequest(String requestBody, String endPoint, OadrRequest oadrRequest, Type responseType) in C:\Users\hieu\Desktop\OpenADR-Virtual-End-Node-master\oadrlib\lib\helper\VEN.cs:line 135
   at oadrlib.lib.oadr2b.VEN2b.postRequest(String requestBody, String endPoint, OadrRequest2b oadrRequest, Boolean expectingOadrResponse) in C:\Users\hieu\Desktop\OpenADR-Virtual-End-Node-master\oadrlib\lib\oadr2b\VEN2b.cs:line 68
   at oadrlib.lib.oadr2b.VEN2b.queryRegistration(String requestID) in C:\Users\hieu\Desktop\OpenADR-Virtual-End-Node-master\oadrlib\lib\oadr2b\VEN2b.cs:line 226
   at oadr2b_ven.ven.VenWrapper.doQueryPartyRegistration() in C:\Users\hieu\Desktop\OpenADR-Virtual-End-Node-master\oadr2b-ven\ven\VenWrapper.cs:line 159
   at oadr2b_ven.ven.VenWrapper.handleRegistration(Boolean forceReregister) in C:\Users\hieu\Desktop\OpenADR-Virtual-End-Node-master\oadr2b-ven\ven\VenWrapper.cs:line 286
[ 11/8/2019 9:11:08 AM ] [ ERROR ]: Unable to connect to the remote server
   at System.Net.HttpWebRequest.GetRequestStream(TransportContext& context)
   at System.Net.HttpWebRequest.GetRequestStream()
   at oadrlib.lib.http.HttpWebRequestWrapper.post(String url, String contentType, String content, X509Certificate2Collection certCollection) in C:\Users\hieu\Desktop\OpenADR-Virtual-End-Node-master\oadrlib\lib\http\HttpWebRequestWrapper.cs:line 144
   at oadrlib.lib.helper.VEN.postRequest(String requestBody, String endPoint, OadrRequest oadrRequest, Type responseType) in C:\Users\hieu\Desktop\OpenADR-Virtual-End-Node-master\oadrlib\lib\helper\VEN.cs:line 135
   at oadrlib.lib.oadr2b.VEN2b.postRequest(String requestBody, String endPoint, OadrRequest2b oadrRequest, Boolean expectingOadrResponse) in C:\Users\hieu\Desktop\OpenADR-Virtual-End-Node-master\oadrlib\lib\oadr2b\VEN2b.cs:line 68
   at oadrlib.lib.oadr2b.VEN2b.queryRegistration(String requestID) in C:\Users\hieu\Desktop\OpenADR-Virtual-End-Node-master\oadrlib\lib\oadr2b\VEN2b.cs:line 226
   at oadr2b_ven.ven.VenWrapper.doQueryPartyRegistration() in C:\Users\hieu\Desktop\OpenADR-Virtual-End-Node-master\oadr2b-ven\ven\VenWrapper.cs:line 159
   at oadr2b_ven.ven.VenWrapper.handleRegistration(Boolean forceReregister) in C:\Users\hieu\Desktop\OpenADR-Virtual-End-Node-master\oadr2b-ven\ven\VenWrapper.cs:line 286
[ 11/8/2019 9:11:08 AM ] [ ERROR ]: Unable to connect to the remote server
   at System.Net.HttpWebRequest.GetRequestStream(TransportContext& context)
   at System.Net.HttpWebRequest.GetRequestStream()
   at oadrlib.lib.http.HttpWebRequestWrapper.post(String url, String contentType, String content, X509Certificate2Collection certCollection) in C:\Users\hieu\Desktop\OpenADR-Virtual-End-Node-master\oadrlib\lib\http\HttpWebRequestWrapper.cs:line 144
   at oadrlib.lib.helper.VEN.postRequest(String requestBody, String endPoint, OadrRequest oadrRequest, Type responseType) in C:\Users\hieu\Desktop\OpenADR-Virtual-End-Node-master\oadrlib\lib\helper\VEN.cs:line 135
   at oadrlib.lib.oadr2b.VEN2b.postRequest(String requestBody, String endPoint, OadrRequest2b oadrRequest, Boolean expectingOadrResponse) in C:\Users\hieu\Desktop\OpenADR-Virtual-End-Node-master\oadrlib\lib\oadr2b\VEN2b.cs:line 68
   at oadrlib.lib.oadr2b.VEN2b.queryRegistration(String requestID) in C:\Users\hieu\Desktop\OpenADR-Virtual-End-Node-master\oadrlib\lib\oadr2b\VEN2b.cs:line 226
   at oadr2b_ven.ven.VenWrapper.doQueryPartyRegistration() in C:\Users\hieu\Desktop\OpenADR-Virtual-End-Node-master\oadr2b-ven\ven\VenWrapper.cs:line 159
   at oadr2b_ven.ven.VenWrapper.handleRegistration(Boolean forceReregister) in C:\Users\hieu\Desktop\OpenADR-Virtual-End-Node-master\oadr2b-ven\ven\VenWrapper.cs:line 286
[ 11/8/2019 9:11:22 AM ] [ ERROR ]: Unable to connect to the remote server
   at System.Net.HttpWebRequest.GetRequestStream(TransportContext& context)
   at System.Net.HttpWebRequest.GetRequestStream()
   at oadrlib.lib.http.HttpWebRequestWrapper.post(String url, String contentType, String content, X509Certificate2Collection certCollection) in C:\Users\hieu\Desktop\OpenADR-Virtual-End-Node-master\oadrlib\lib\http\HttpWebRequestWrapper.cs:line 144
   at oadrlib.lib.helper.VEN.postRequest(String requestBody, String endPoint, OadrRequest oadrRequest, Type responseType) in C:\Users\hieu\Desktop\OpenADR-Virtual-End-Node-master\oadrlib\lib\helper\VEN.cs:line 135
   at oadrlib.lib.oadr2b.VEN2b.postRequest(String requestBody, String endPoint, OadrRequest2b oadrRequest, Boolean expectingOadrResponse) in C:\Users\hieu\Desktop\OpenADR-Virtual-End-Node-master\oadrlib\lib\oadr2b\VEN2b.cs:line 68
   at oadrlib.lib.oadr2b.VEN2b.queryRegistration(String requestID) in C:\Users\hieu\Desktop\OpenADR-Virtual-End-Node-master\oadrlib\lib\oadr2b\VEN2b.cs:line 226
   at oadr2b_ven.ven.VenWrapper.doQueryPartyRegistration() in C:\Users\hieu\Desktop\OpenADR-Virtual-End-Node-master\oadr2b-ven\ven\VenWrapper.cs:line 159
   at oadr2b_ven.ven.VenWrapper.handleRegistration(Boolean forceReregister) in C:\Users\hieu\Desktop\OpenADR-Virtual-End-Node-master\oadr2b-ven\ven\VenWrapper.cs:line 286
[ 11/8/2019 9:11:22 AM ] [ ERROR ]: Unable to connect to the remote server
   at System.Net.HttpWebRequest.GetRequestStream(TransportContext& context)
   at System.Net.HttpWebRequest.GetRequestStream()
   at oadrlib.lib.http.HttpWebRequestWrapper.post(String url, String contentType, String content, X509Certificate2Collection certCollection) in C:\Users\hieu\Desktop\OpenADR-Virtual-End-Node-master\oadrlib\lib\http\HttpWebRequestWrapper.cs:line 144
   at oadrlib.lib.helper.VEN.postRequest(String requestBody, String endPoint, OadrRequest oadrRequest, Type responseType) in C:\Users\hieu\Desktop\OpenADR-Virtual-End-Node-master\oadrlib\lib\helper\VEN.cs:line 135
   at oadrlib.lib.oadr2b.VEN2b.postRequest(String requestBody, String endPoint, OadrRequest2b oadrRequest, Boolean expectingOadrResponse) in C:\Users\hieu\Desktop\OpenADR-Virtual-End-Node-master\oadrlib\lib\oadr2b\VEN2b.cs:line 68
   at oadrlib.lib.oadr2b.VEN2b.queryRegistration(String requestID) in C:\Users\hieu\Desktop\OpenADR-Virtual-End-Node-master\oadrlib\lib\oadr2b\VEN2b.cs:line 226
   at oadr2b_ven.ven.VenWrapper.doQueryPartyRegistration() in C:\Users\hieu\Desktop\OpenADR-Virtual-End-Node-master\oadr2b-ven\ven\VenWrapper.cs:line 159
   at oadr2b_ven.ven.VenWrapper.handleRegistration(Boolean forceReregister) in C:\Users\hieu\Desktop\OpenADR-Virtual-End-Node-master\oadr2b-ven\ven\VenWrapper.cs:line 286
[ 11/8/2019 9:16:12 AM ] [ ERROR ]: Unable to connect to the remote server
   at System.Net.HttpWebRequest.GetRequestStream(TransportContext& context)
   at System.Net.HttpWebRequest.GetRequestStream()
   at oadrlib.lib.http.HttpWebRequestWrapper.post(String url, String contentType, String content, X509Certificate2Collection certCollection) in C:\Users\hieu\Desktop\OpenADR-Virtual-End-Node-master\oadrlib\lib\http\HttpWebRequestWrapper.cs:line 144
   at oadrlib.lib.helper.VEN.postRequest(String requestBody, String endPoint, OadrRequest oadrRequest, Type responseType) in C:\Users\hieu\Desktop\OpenADR-Virtual-End-Node-master\oadrlib\lib\helper\VEN.cs:line 135
   at oadrlib.lib.oadr2b.VEN2b.postRequest(String requestBody, String endPoint, OadrRequest2b oadrRequest, Boolean expectingOadrResponse) in C:\Users\hieu\Desktop\OpenADR-Virtual-End-Node-master\oadrlib\lib\oadr2b\VEN2b.cs:line 68
   at oadrlib.lib.oadr2b.VEN2b.queryRegistration(String requestID) in C:\Users\hieu\Desktop\OpenADR-Virtual-End-Node-master\oadrlib\lib\oadr2b\VEN2b.cs:line 226
   at oadr2b_ven.ven.VenWrapper.doQueryPartyRegistration() in C:\Users\hieu\Desktop\OpenADR-Virtual-End-Node-master\oadr2b-ven\ven\VenWrapper.cs:line 159
   at oadr2b_ven.ven.VenWrapper.handleRegistration(Boolean forceReregister) in C:\Users\hieu\Desktop\OpenADR-Virtual-End-Node-master\oadr2b-ven\ven\VenWrapper.cs:line 286
[ 11/8/2019 9:16:12 AM ] [ ERROR ]: Unable to connect to the remote server
   at System.Net.HttpWebRequest.GetRequestStream(TransportContext& context)
   at System.Net.HttpWebRequest.GetRequestStream()
   at oadrlib.lib.http.HttpWebRequestWrapper.post(String url, String contentType, String content, X509Certificate2Collection certCollection) in C:\Users\hieu\Desktop\OpenADR-Virtual-End-Node-master\oadrlib\lib\http\HttpWebRequestWrapper.cs:line 144
   at oadrlib.lib.helper.VEN.postRequest(String requestBody, String endPoint, OadrRequest oadrRequest, Type responseType) in C:\Users\hieu\Desktop\OpenADR-Virtual-End-Node-master\oadrlib\lib\helper\VEN.cs:line 135
   at oadrlib.lib.oadr2b.VEN2b.postRequest(String requestBody, String endPoint, OadrRequest2b oadrRequest, Boolean expectingOadrResponse) in C:\Users\hieu\Desktop\OpenADR-Virtual-End-Node-master\oadrlib\lib\oadr2b\VEN2b.cs:line 68
   at oadrlib.lib.oadr2b.VEN2b.queryRegistration(String requestID) in C:\Users\hieu\Desktop\OpenADR-Virtual-End-Node-master\oadrlib\lib\oadr2b\VEN2b.cs:line 226
   at oadr2b_ven.ven.VenWrapper.doQueryPartyRegistration() in C:\Users\hieu\Desktop\OpenADR-Virtual-End-Node-master\oadr2b-ven\ven\VenWrapper.cs:line 159
   at oadr2b_ven.ven.VenWrapper.handleRegistration(Boolean forceReregister) in C:\Users\hieu\Desktop\OpenADR-Virtual-End-Node-master\oadr2b-ven\ven\VenWrapper.cs:line 286
[ 11/8/2019 9:16:12 AM ] [ ERROR ]: Unable to connect to the remote server
   at System.Net.HttpWebRequest.GetRequestStream(TransportContext& context)
   at System.Net.HttpWebRequest.GetRequestStream()
   at oadrlib.lib.http.HttpWebRequestWrapper.post(String url, String contentType, String content, X509Certificate2Collection certCollection) in C:\Users\hieu\Desktop\OpenADR-Virtual-End-Node-master\oadrlib\lib\http\HttpWebRequestWrapper.cs:line 144
   at oadrlib.lib.helper.VEN.postRequest(String requestBody, String endPoint, OadrRequest oadrRequest, Type responseType) in C:\Users\hieu\Desktop\OpenADR-Virtual-End-Node-master\oadrlib\lib\helper\VEN.cs:line 135
   at oadrlib.lib.oadr2b.VEN2b.postRequest(String requestBody, String endPoint, OadrRequest2b oadrRequest, Boolean expectingOadrResponse) in C:\Users\hieu\Desktop\OpenADR-Virtual-End-Node-master\oadrlib\lib\oadr2b\VEN2b.cs:line 68
   at oadrlib.lib.oadr2b.VEN2b.queryRegistration(String requestID) in C:\Users\hieu\Desktop\OpenADR-Virtual-End-Node-master\oadrlib\lib\oadr2b\VEN2b.cs:line 226
   at oadr2b_ven.ven.VenWrapper.doQueryPartyRegistration() in C:\Users\hieu\Desktop\OpenADR-Virtual-End-Node-master\oadr2b-ven\ven\VenWrapper.cs:line 159
   at oadr2b_ven.ven.VenWrapper.handleRegistration(Boolean forceReregister) in C:\Users\hieu\Desktop\OpenADR-Virtual-End-Node-master\oadr2b-ven\ven\VenWrapper.cs:line 286
[ 11/8/2019 9:16:12 AM ] [ ERROR ]: Unable to connect to the remote server
   at System.Net.HttpWebRequest.GetRequestStream(TransportContext& context)
   at System.Net.HttpWebRequest.GetRequestStream()
   at oadrlib.lib.http.HttpWebRequestWrapper.post(String url, String contentType, String content, X509Certificate2Collection certCollection) in C:\Users\hieu\Desktop\OpenADR-Virtual-End-Node-master\oadrlib\lib\http\HttpWebRequestWrapper.cs:line 144
   at oadrlib.lib.helper.VEN.postRequest(String requestBody, String endPoint, OadrRequest oadrRequest, Type responseType) in C:\Users\hieu\Desktop\OpenADR-Virtual-End-Node-master\oadrlib\lib\helper\VEN.cs:line 135
   at oadrlib.lib.oadr2b.VEN2b.postRequest(String requestBody, String endPoint, OadrRequest2b oadrRequest, Boolean expectingOadrResponse) in C:\Users\hieu\Desktop\OpenADR-Virtual-End-Node-master\oadrlib\lib\oadr2b\VEN2b.cs:line 68
   at oadrlib.lib.oadr2b.VEN2b.queryRegistration(String requestID) in C:\Users\hieu\Desktop\OpenADR-Virtual-End-Node-master\oadrlib\lib\oadr2b\VEN2b.cs:line 226
   at oadr2b_ven.ven.VenWrapper.doQueryPartyRegistration() in C:\Users\hieu\Desktop\OpenADR-Virtual-End-Node-master\oadr2b-ven\ven\VenWrapper.cs:line 159
   at oadr2b_ven.ven.VenWrapper.handleRegistration(Boolean forceReregister) in C:\Users\hieu\Desktop\OpenADR-Virtual-End-Node-master\oadr2b-ven\ven\VenWrapper.cs:line 286
[ 11/8/2019 9:16:12 AM ] [ ERROR ]: Unable to connect to the remote server
   at System.Net.HttpWebRequest.GetRequestStream(TransportContext& context)
   at System.Net.HttpWebRequest.GetRequestStream()
   at oadrlib.lib.http.HttpWebRequestWrapper.post(String url, String contentType, String content, X509Certificate2Collection certCollection) in C:\Users\hieu\Desktop\OpenADR-Virtual-End-Node-master\oadrlib\lib\http\HttpWebRequestWrapper.cs:line 144
   at oadrlib.lib.helper.VEN.postRequest(String requestBody, String endPoint, OadrRequest oadrRequest, Type responseType) in C:\Users\hieu\Desktop\OpenADR-Virtual-End-Node-master\oadrlib\lib\helper\VEN.cs:line 135
   at oadrlib.lib.oadr2b.VEN2b.postRequest(String requestBody, String endPoint, OadrRequest2b oadrRequest, Boolean expectingOadrResponse) in C:\Users\hieu\Desktop\OpenADR-Virtual-End-Node-master\oadrlib\lib\oadr2b\VEN2b.cs:line 68
   at oadrlib.lib.oadr2b.VEN2b.queryRegistration(String requestID) in C:\Users\hieu\Desktop\OpenADR-Virtual-End-Node-master\oadrlib\lib\oadr2b\VEN2b.cs:line 226
   at oadr2b_ven.ven.VenWrapper.doQueryPartyRegistration() in C:\Users\hieu\Desktop\OpenADR-Virtual-End-Node-master\oadr2b-ven\ven\VenWrapper.cs:line 159
   at oadr2b_ven.ven.VenWrapper.handleRegistration(Boolean forceReregister) in C:\Users\hieu\Desktop\OpenADR-Virtual-End-Node-master\oadr2b-ven\ven\VenWrapper.cs:line 286
[ 11/8/2019 9:32:57 AM ] [ ERROR ]: Unable to connect to the remote server
   at System.Net.HttpWebRequest.GetRequestStream(TransportContext& context)
   at System.Net.HttpWebRequest.GetRequestStream()
   at oadrlib.lib.http.HttpWebRequestWrapper.post(String url, String contentType, String content, X509Certificate2Collection certCollection) in C:\Users\hieu\Desktop\OpenADR-Virtual-End-Node-master\oadrlib\lib\http\HttpWebRequestWrapper.cs:line 144
   at oadrlib.lib.helper.VEN.postRequest(String requestBody, String endPoint, OadrRequest oadrRequest, Type responseType) in C:\Users\hieu\Desktop\OpenADR-Virtual-End-Node-master\oadrlib\lib\helper\VEN.cs:line 135
   at oadrlib.lib.oadr2b.VEN2b.postRequest(String requestBody, String endPoint, OadrRequest2b oadrRequest, Boolean expectingOadrResponse) in C:\Users\hieu\Desktop\OpenADR-Virtual-End-Node-master\oadrlib\lib\oadr2b\VEN2b.cs:line 68
   at oadrlib.lib.oadr2b.VEN2b.queryRegistration(String requestID) in C:\Users\hieu\Desktop\OpenADR-Virtual-End-Node-master\oadrlib\lib\oadr2b\VEN2b.cs:line 226
   at oadr2b_ven.ven.VenWrapper.doQueryPartyRegistration() in C:\Users\hieu\Desktop\OpenADR-Virtual-End-Node-master\oadr2b-ven\ven\VenWrapper.cs:line 159
   at oadr2b_ven.ven.VenWrapper.handleRegistration(Boolean forceReregister) in C:\Users\hieu\Desktop\OpenADR-Virtual-End-Node-master\oadr2b-ven\ven\VenWrapper.cs:line 286
[ 11/8/2019 9:33:11 AM ] [ ERROR ]: Unable to connect to the remote server
   at System.Net.HttpWebRequest.GetRequestStream(TransportContext& context)
   at System.Net.HttpWebRequest.GetRequestStream()
   at oadrlib.lib.http.HttpWebRequestWrapper.post(String url, String contentType, String content, X509Certificate2Collection certCollection) in C:\Users\hieu\Desktop\OpenADR-Virtual-End-Node-master\oadrlib\lib\http\HttpWebRequestWrapper.cs:line 144
   at oadrlib.lib.helper.VEN.postRequest(String requestBody, String endPoint, OadrRequest oadrRequest, Type responseType) in C:\Users\hieu\Desktop\OpenADR-Virtual-End-Node-master\oadrlib\lib\helper\VEN.cs:line 135
   at oadrlib.lib.oadr2b.VEN2b.postRequest(String requestBody, String endPoint, OadrRequest2b oadrRequest, Boolean expectingOadrResponse) in C:\Users\hieu\Desktop\OpenADR-Virtual-End-Node-master\oadrlib\lib\oadr2b\VEN2b.cs:line 68
   at oadrlib.lib.oadr2b.VEN2b.queryRegistration(String requestID) in C:\Users\hieu\Desktop\OpenADR-Virtual-End-Node-master\oadrlib\lib\oadr2b\VEN2b.cs:line 226
   at oadr2b_ven.ven.VenWrapper.doQueryPartyRegistration() in C:\Users\hieu\Desktop\OpenADR-Virtual-End-Node-master\oadr2b-ven\ven\VenWrapper.cs:line 159
   at oadr2b_ven.ven.VenWrapper.handleRegistration(Boolean forceReregister) in C:\Users\hieu\Desktop\OpenADR-Virtual-End-Node-master\oadr2b-ven\ven\VenWrapper.cs:line 286
[ 11/8/2019 9:33:25 AM ] [ ERROR ]: Unable to connect to the remote server
   at System.Net.HttpWebRequest.GetRequestStream(TransportContext& context)
   at System.Net.HttpWebRequest.GetRequestStream()
   at oadrlib.lib.http.HttpWebRequestWrapper.post(String url, String contentType, String content, X509Certificate2Collection certCollection) in C:\Users\hieu\Desktop\OpenADR-Virtual-End-Node-master\oadrlib\lib\http\HttpWebRequestWrapper.cs:line 144
   at oadrlib.lib.helper.VEN.postRequest(String requestBody, String endPoint, OadrRequest oadrRequest, Type responseType) in C:\Users\hieu\Desktop\OpenADR-Virtual-End-Node-master\oadrlib\lib\helper\VEN.cs:line 135
   at oadrlib.lib.oadr2b.VEN2b.postRequest(String requestBody, String endPoint, OadrRequest2b oadrRequest, Boolean expectingOadrResponse) in C:\Users\hieu\Desktop\OpenADR-Virtual-End-Node-master\oadrlib\lib\oadr2b\VEN2b.cs:line 68
   at oadrlib.lib.oadr2b.VEN2b.queryRegistration(String requestID) in C:\Users\hieu\Desktop\OpenADR-Virtual-End-Node-master\oadrlib\lib\oadr2b\VEN2b.cs:line 226
   at oadr2b_ven.ven.VenWrapper.doQueryPartyRegistration() in C:\Users\hieu\Desktop\OpenADR-Virtual-End-Node-master\oadr2b-ven\ven\VenWrapper.cs:line 159
   at oadr2b_ven.ven.VenWrapper.handleRegistration(Boolean forceReregister) in C:\Users\hieu\Desktop\OpenADR-Virtual-End-Node-master\oadr2b-ven\ven\VenWrapper.cs:line 286
[ 11/8/2019 9:33:39 AM ] [ ERROR ]: Unable to connect to the remote server
   at System.Net.HttpWebRequest.GetRequestStream(TransportContext& context)
   at System.Net.HttpWebRequest.GetRequestStream()
   at oadrlib.lib.http.HttpWebRequestWrapper.post(String url, String contentType, String content, X509Certificate2Collection certCollection) in C:\Users\hieu\Desktop\OpenADR-Virtual-End-Node-master\oadrlib\lib\http\HttpWebRequestWrapper.cs:line 144
   at oadrlib.lib.helper.VEN.postRequest(String requestBody, String endPoint, OadrRequest oadrRequest, Type responseType) in C:\Users\hieu\Desktop\OpenADR-Virtual-End-Node-master\oadrlib\lib\helper\VEN.cs:line 135
   at oadrlib.lib.oadr2b.VEN2b.postRequest(String requestBody, String endPoint, OadrRequest2b oadrRequest, Boolean expectingOadrResponse) in C:\Users\hieu\Desktop\OpenADR-Virtual-End-Node-master\oadrlib\lib\oadr2b\VEN2b.cs:line 68
   at oadrlib.lib.oadr2b.VEN2b.queryRegistration(String requestID) in C:\Users\hieu\Desktop\OpenADR-Virtual-End-Node-master\oadrlib\lib\oadr2b\VEN2b.cs:line 226
   at oadr2b_ven.ven.VenWrapper.doQueryPartyRegistration() in C:\Users\hieu\Desktop\OpenADR-Virtual-End-Node-master\oadr2b-ven\ven\VenWrapper.cs:line 159
   at oadr2b_ven.ven.VenWrapper.handleRegistration(Boolean forceReregister) in C:\Users\hieu\Desktop\OpenADR-Virtual-End-Node-master\oadr2b-ven\ven\VenWrapper.cs:line 286
[ 11/8/2019 9:33:53 AM ] [ ERROR ]: Unable to connect to the remote server
   at System.Net.HttpWebRequest.GetRequestStream(TransportContext& context)
   at System.Net.HttpWebRequest.GetRequestStream()
   at oadrlib.lib.http.HttpWebRequestWrapper.post(String url, String contentType, String content, X509Certificate2Collection certCollection) in C:\Users\hieu\Desktop\OpenADR-Virtual-End-Node-master\oadrlib\lib\http\HttpWebRequestWrapper.cs:line 144
   at oadrlib.lib.helper.VEN.postRequest(String requestBody, String endPoint, OadrRequest oadrRequest, Type responseType) in C:\Users\hieu\Desktop\OpenADR-Virtual-End-Node-master\oadrlib\lib\helper\VEN.cs:line 135
   at oadrlib.lib.oadr2b.VEN2b.postRequest(String requestBody, String endPoint, OadrRequest2b oadrRequest, Boolean expectingOadrResponse) in C:\Users\hieu\Desktop\OpenADR-Virtual-End-Node-master\oadrlib\lib\oadr2b\VEN2b.cs:line 68
   at oadrlib.lib.oadr2b.VEN2b.queryRegistration(String requestID) in C:\Users\hieu\Desktop\OpenADR-Virtual-End-Node-master\oadrlib\lib\oadr2b\VEN2b.cs:line 226
   at oadr2b_ven.ven.VenWrapper.doQueryPartyRegistration() in C:\Users\hieu\Desktop\OpenADR-Virtual-End-Node-master\oadr2b-ven\ven\VenWrapper.cs:line 159
   at oadr2b_ven.ven.VenWrapper.handleRegistration(Boolean forceReregister) in C:\Users\hieu\Desktop\OpenADR-Virtual-End-Node-master\oadr2b-ven\ven\VenWrapper.cs:line 286
[ 11/8/2019 9:34:07 AM ] [ ERROR ]: Unable to connect to the remote server
   at System.Net.HttpWebRequest.GetRequestStream(TransportContext& context)
   at System.Net.HttpWebRequest.GetRequestStream()
   at oadrlib.lib.http.HttpWebRequestWrapper.post(String url, String contentType, String content, X509Certificate2Collection certCollection) in C:\Users\hieu\Desktop\OpenADR-Virtual-End-Node-master\oadrlib\lib\http\HttpWebRequestWrapper.cs:line 144
   at oadrlib.lib.helper.VEN.postRequest(String requestBody, String endPoint, OadrRequest oadrRequest, Type responseType) in C:\Users\hieu\Desktop\OpenADR-Virtual-End-Node-master\oadrlib\lib\helper\VEN.cs:line 135
   at oadrlib.lib.oadr2b.VEN2b.postRequest(String requestBody, String endPoint, OadrRequest2b oadrRequest, Boolean expectingOadrResponse) in C:\Users\hieu\Desktop\OpenADR-Virtual-End-Node-master\oadrlib\lib\oadr2b\VEN2b.cs:line 68
   at oadrlib.lib.oadr2b.VEN2b.queryRegistration(String requestID) in C:\Users\hieu\Desktop\OpenADR-Virtual-End-Node-master\oadrlib\lib\oadr2b\VEN2b.cs:line 226
   at oadr2b_ven.ven.VenWrapper.doQueryPartyRegistration() in C:\Users\hieu\Desktop\OpenADR-Virtual-End-Node-master\oadr2b-ven\ven\VenWrapper.cs:line 159
   at oadr2b_ven.ven.VenWrapper.handleRegistration(Boolean forceReregister) in C:\Users\hieu\Desktop\OpenADR-Virtual-End-Node-master\oadr2b-ven\ven\VenWrapper.cs:line 286
[ 11/8/2019 9:34:21 AM ] [ ERROR ]: Unable to connect to the remote server
   at System.Net.HttpWebRequest.GetRequestStream(TransportContext& context)
   at System.Net.HttpWebRequest.GetRequestStream()
   at oadrlib.lib.http.HttpWebRequestWrapper.post(String url, String contentType, String content, X509Certificate2Collection certCollection) in C:\Users\hieu\Desktop\OpenADR-Virtual-End-Node-master\oadrlib\lib\http\HttpWebRequestWrapper.cs:line 144
   at oadrlib.lib.helper.VEN.postRequest(String requestBody, String endPoint, OadrRequest oadrRequest, Type responseType) in C:\Users\hieu\Desktop\OpenADR-Virtual-End-Node-master\oadrlib\lib\helper\VEN.cs:line 135
   at oadrlib.lib.oadr2b.VEN2b.postRequest(String requestBody, String endPoint, OadrRequest2b oadrRequest, Boolean expectingOadrResponse) in C:\Users\hieu\Desktop\OpenADR-Virtual-End-Node-master\oadrlib\lib\oadr2b\VEN2b.cs:line 68
   at oadrlib.lib.oadr2b.VEN2b.queryRegistration(String requestID) in C:\Users\hieu\Desktop\OpenADR-Virtual-End-Node-master\oadrlib\lib\oadr2b\VEN2b.cs:line 226
   at oadr2b_ven.ven.VenWrapper.doQueryPartyRegistration() in C:\Users\hieu\Desktop\OpenADR-Virtual-End-Node-master\oadr2b-ven\ven\VenWrapper.cs:line 159
   at oadr2b_ven.ven.VenWrapper.handleRegistration(Boolean forceReregister) in C:\Users\hieu\Desktop\OpenADR-Virtual-End-Node-master\oadr2b-ven\ven\VenWrapper.cs:line 286
[ 11/8/2019 9:35:21 AM ] [ ERROR ]: Unable to connect to the remote server
   at System.Net.HttpWebRequest.GetRequestStream(TransportContext& context)
   at System.Net.HttpWebRequest.GetRequestStream()
   at oadrlib.lib.http.HttpWebRequestWrapper.post(String url, String contentType, String content, X509Certificate2Collection certCollection) in C:\Users\hieu\Desktop\OpenADR-Virtual-End-Node-master\oadrlib\lib\http\HttpWebRequestWrapper.cs:line 144
   at oadrlib.lib.helper.VEN.postRequest(String requestBody, String endPoint, OadrRequest oadrRequest, Type responseType) in C:\Users\hieu\Desktop\OpenADR-Virtual-End-Node-master\oadrlib\lib\helper\VEN.cs:line 135
   at oadrlib.lib.oadr2b.VEN2b.postRequest(String requestBody, String endPoint, OadrRequest2b oadrRequest, Boolean expectingOadrResponse) in C:\Users\hieu\Desktop\OpenADR-Virtual-End-Node-master\oadrlib\lib\oadr2b\VEN2b.cs:line 68
   at oadrlib.lib.oadr2b.VEN2b.queryRegistration(String requestID) in C:\Users\hieu\Desktop\OpenADR-Virtual-End-Node-master\oadrlib\lib\oadr2b\VEN2b.cs:line 226
   at oadr2b_ven.ven.VenWrapper.doQueryPartyRegistration() in C:\Users\hieu\Desktop\OpenADR-Virtual-End-Node-master\oadr2b-ven\ven\VenWrapper.cs:line 159
   at oadr2b_ven.ven.VenWrapper.handleRegistration(Boolean forceReregister) in C:\Users\hieu\Desktop\OpenADR-Virtual-End-Node-master\oadr2b-ven\ven\VenWrapper.cs:line 286
[ 11/8/2019 9:35:35 AM ] [ ERROR ]: Unable to connect to the remote server
   at System.Net.HttpWebRequest.GetRequestStream(TransportContext& context)
   at System.Net.HttpWebRequest.GetRequestStream()
   at oadrlib.lib.http.HttpWebRequestWrapper.post(String url, String contentType, String content, X509Certificate2Collection certCollection) in C:\Users\hieu\Desktop\OpenADR-Virtual-End-Node-master\oadrlib\lib\http\HttpWebRequestWrapper.cs:line 144
   at oadrlib.lib.helper.VEN.postRequest(String requestBody, String endPoint, OadrRequest oadrRequest, Type responseType) in C:\Users\hieu\Desktop\OpenADR-Virtual-End-Node-master\oadrlib\lib\helper\VEN.cs:line 135
   at oadrlib.lib.oadr2b.VEN2b.postRequest(String requestBody, String endPoint, OadrRequest2b oadrRequest, Boolean expectingOadrResponse) in C:\Users\hieu\Desktop\OpenADR-Virtual-End-Node-master\oadrlib\lib\oadr2b\VEN2b.cs:line 68
   at oadrlib.lib.oadr2b.VEN2b.queryRegistration(String requestID) in C:\Users\hieu\Desktop\OpenADR-Virtual-End-Node-master\oadrlib\lib\oadr2b\VEN2b.cs:line 226
   at oadr2b_ven.ven.VenWrapper.doQueryPartyRegistration() in C:\Users\hieu\Desktop\OpenADR-Virtual-End-Node-master\oadr2b-ven\ven\VenWrapper.cs:line 159
   at oadr2b_ven.ven.VenWrapper.handleRegistration(Boolean forceReregister) in C:\Users\hieu\Desktop\OpenADR-Virtual-End-Node-master\oadr2b-ven\ven\VenWrapper.cs:line 286
[ 11/8/2019 9:35:49 AM ] [ ERROR ]: Unable to connect to the remote server
   at System.Net.HttpWebRequest.GetRequestStream(TransportContext& context)
   at System.Net.HttpWebRequest.GetRequestStream()
   at oadrlib.lib.http.HttpWebRequestWrapper.post(String url, String contentType, String content, X509Certificate2Collection certCollection) in C:\Users\hieu\Desktop\OpenADR-Virtual-End-Node-master\oadrlib\lib\http\HttpWebRequestWrapper.cs:line 144
   at oadrlib.lib.helper.VEN.postRequest(String requestBody, String endPoint, OadrRequest oadrRequest, Type responseType) in C:\Users\hieu\Desktop\OpenADR-Virtual-End-Node-master\oadrlib\lib\helper\VEN.cs:line 135
   at oadrlib.lib.oadr2b.VEN2b.postRequest(String requestBody, String endPoint, OadrRequest2b oadrRequest, Boolean expectingOadrResponse) in C:\Users\hieu\Desktop\OpenADR-Virtual-End-Node-master\oadrlib\lib\oadr2b\VEN2b.cs:line 68
   at oadrlib.lib.oadr2b.VEN2b.queryRegistration(String requestID) in C:\Users\hieu\Desktop\OpenADR-Virtual-End-Node-master\oadrlib\lib\oadr2b\VEN2b.cs:line 226
   at oadr2b_ven.ven.VenWrapper.doQueryPartyRegistration() in C:\Users\hieu\Desktop\OpenADR-Virtual-End-Node-master\oadr2b-ven\ven\VenWrapper.cs:line 159
   at oadr2b_ven.ven.VenWrapper.handleRegistration(Boolean forceReregister) in C:\Users\hieu\Desktop\OpenADR-Virtual-End-Node-master\oadr2b-ven\ven\VenWrapper.cs:line 286
[ 11/8/2019 9:36:03 AM ] [ ERROR ]: Unable to connect to the remote server
   at System.Net.HttpWebRequest.GetRequestStream(TransportContext& context)
   at System.Net.HttpWebRequest.GetRequestStream()
   at oadrlib.lib.http.HttpWebRequestWrapper.post(String url, String contentType, String content, X509Certificate2Collection certCollection) in C:\Users\hieu\Desktop\OpenADR-Virtual-End-Node-master\oadrlib\lib\http\HttpWebRequestWrapper.cs:line 144
   at oadrlib.lib.helper.VEN.postRequest(String requestBody, String endPoint, OadrRequest oadrRequest, Type responseType) in C:\Users\hieu\Desktop\OpenADR-Virtual-End-Node-master\oadrlib\lib\helper\VEN.cs:line 135
   at oadrlib.lib.oadr2b.VEN2b.postRequest(String requestBody, String endPoint, OadrRequest2b oadrRequest, Boolean expectingOadrResponse) in C:\Users\hieu\Desktop\OpenADR-Virtual-End-Node-master\oadrlib\lib\oadr2b\VEN2b.cs:line 68
   at oadrlib.lib.oadr2b.VEN2b.queryRegistration(String requestID) in C:\Users\hieu\Desktop\OpenADR-Virtual-End-Node-master\oadrlib\lib\oadr2b\VEN2b.cs:line 226
   at oadr2b_ven.ven.VenWrapper.doQueryPartyRegistration() in C:\Users\hieu\Desktop\OpenADR-Virtual-End-Node-master\oadr2b-ven\ven\VenWrapper.cs:line 159
   at oadr2b_ven.ven.VenWrapper.handleRegistration(Boolean forceReregister) in C:\Users\hieu\Desktop\OpenADR-Virtual-End-Node-master\oadr2b-ven\ven\VenWrapper.cs:line 286
[ 11/8/2019 6:33:06 PM ] [ ERROR ]: Unable to connect to the remote server
   at System.Net.HttpWebRequest.GetRequestStream(TransportContext& context)
   at System.Net.HttpWebRequest.GetRequestStream()
   at oadrlib.lib.http.HttpWebRequestWrapper.post(String url, String contentType, String content, X509Certificate2Collection certCollection) in C:\Users\hieu\Desktop\OpenADR-Virtual-End-Node-master\oadrlib\lib\http\HttpWebRequestWrapper.cs:line 144
   at oadrlib.lib.helper.VEN.postRequest(String requestBody, String endPoint, OadrRequest oadrRequest, Type responseType) in C:\Users\hieu\Desktop\OpenADR-Virtual-End-Node-master\oadrlib\lib\helper\VEN.cs:line 135
   at oadrlib.lib.oadr2b.VEN2b.postRequest(String requestBody, String endPoint, OadrRequest2b oadrRequest, Boolean expectingOadrResponse) in C:\Users\hieu\Desktop\OpenADR-Virtual-End-Node-master\oadrlib\lib\oadr2b\VEN2b.cs:line 68
   at oadrlib.lib.oadr2b.VEN2b.queryRegistration(String requestID) in C:\Users\hieu\Desktop\OpenADR-Virtual-End-Node-master\oadrlib\lib\oadr2b\VEN2b.cs:line 226
   at oadr2b_ven.ven.VenWrapper.doQueryPartyRegistration() in C:\Users\hieu\Desktop\OpenADR-Virtual-End-Node-master\oadr2b-ven\ven\VenWrapper.cs:line 159
   at oadr2b_ven.ven.VenWrapper.handleRegistration(Boolean forceReregister) in C:\Users\hieu\Desktop\OpenADR-Virtual-End-Node-master\oadr2b-ven\ven\VenWrapper.cs:line 286
[ 11/8/2019 6:33:06 PM ] [ ERROR ]: Unable to connect to the remote server
   at System.Net.HttpWebRequest.GetRequestStream(TransportContext& context)
   at System.Net.HttpWebRequest.GetRequestStream()
   at oadrlib.lib.http.HttpWebRequestWrapper.post(String url, String contentType, String content, X509Certificate2Collection certCollection) in C:\Users\hieu\Desktop\OpenADR-Virtual-End-Node-master\oadrlib\lib\http\HttpWebRequestWrapper.cs:line 144
   at oadrlib.lib.helper.VEN.postRequest(String requestBody, String endPoint, OadrRequest oadrRequest, Type responseType) in C:\Users\hieu\Desktop\OpenADR-Virtual-End-Node-master\oadrlib\lib\helper\VEN.cs:line 135
   at oadrlib.lib.oadr2b.VEN2b.postRequest(String requestBody, String endPoint, OadrRequest2b oadrRequest, Boolean expectingOadrResponse) in C:\Users\hieu\Desktop\OpenADR-Virtual-End-Node-master\oadrlib\lib\oadr2b\VEN2b.cs:line 68
   at oadrlib.lib.oadr2b.VEN2b.queryRegistration(String requestID) in C:\Users\hieu\Desktop\OpenADR-Virtual-End-Node-master\oadrlib\lib\oadr2b\VEN2b.cs:line 226
   at oadr2b_ven.ven.VenWrapper.doQueryPartyRegistration() in C:\Users\hieu\Desktop\OpenADR-Virtual-End-Node-master\oadr2b-ven\ven\VenWrapper.cs:line 159
   at oadr2b_ven.ven.VenWrapper.handleRegistration(Boolean forceReregister) in C:\Users\hieu\Desktop\OpenADR-Virtual-End-Node-master\oadr2b-ven\ven\VenWrapper.cs:line 286
[ 11/8/2019 6:33:20 PM ] [ ERROR ]: Unable to connect to the remote server
   at System.Net.HttpWebRequest.GetRequestStream(TransportContext& context)
   at System.Net.HttpWebRequest.GetRequestStream()
   at oadrlib.lib.http.HttpWebRequestWrapper.post(String url, String contentType, String content, X509Certificate2Collection certCollection) in C:\Users\hieu\Desktop\OpenADR-Virtual-End-Node-master\oadrlib\lib\http\HttpWebRequestWrapper.cs:line 144
   at oadrlib.lib.helper.VEN.postRequest(String requestBody, String endPoint, OadrRequest oadrRequest, Type responseType) in C:\Users\hieu\Desktop\OpenADR-Virtual-End-Node-master\oadrlib\lib\helper\VEN.cs:line 135
   at oadrlib.lib.oadr2b.VEN2b.postRequest(String requestBody, String endPoint, OadrRequest2b oadrRequest, Boolean expectingOadrResponse) in C:\Users\hieu\Desktop\OpenADR-Virtual-End-Node-master\oadrlib\lib\oadr2b\VEN2b.cs:line 68
   at oadrlib.lib.oadr2b.VEN2b.queryRegistration(String requestID) in C:\Users\hieu\Desktop\OpenADR-Virtual-End-Node-master\oadrlib\lib\oadr2b\VEN2b.cs:line 226
   at oadr2b_ven.ven.VenWrapper.doQueryPartyRegistration() in C:\Users\hieu\Desktop\OpenADR-Virtual-End-Node-master\oadr2b-ven\ven\VenWrapper.cs:line 159
   at oadr2b_ven.ven.VenWrapper.handleRegistration(Boolean forceReregister) in C:\Users\hieu\Desktop\OpenADR-Virtual-End-Node-master\oadr2b-ven\ven\VenWrapper.cs:line 286
[ 11/8/2019 6:33:20 PM ] [ ERROR ]: Unable to connect to the remote server
   at System.Net.HttpWebRequest.GetRequestStream(TransportContext& context)
   at System.Net.HttpWebRequest.GetRequestStream()
   at oadrlib.lib.http.HttpWebRequestWrapper.post(String url, String contentType, String content, X509Certificate2Collection certCollection) in C:\Users\hieu\Desktop\OpenADR-Virtual-End-Node-master\oadrlib\lib\http\HttpWebRequestWrapper.cs:line 144
   at oadrlib.lib.helper.VEN.postRequest(String requestBody, String endPoint, OadrRequest oadrRequest, Type responseType) in C:\Users\hieu\Desktop\OpenADR-Virtual-End-Node-master\oadrlib\lib\helper\VEN.cs:line 135
   at oadrlib.lib.oadr2b.VEN2b.postRequest(String requestBody, String endPoint, OadrRequest2b oadrRequest, Boolean expectingOadrResponse) in C:\Users\hieu\Desktop\OpenADR-Virtual-End-Node-master\oadrlib\lib\oadr2b\VEN2b.cs:line 68
   at oadrlib.lib.oadr2b.VEN2b.queryRegistration(String requestID) in C:\Users\hieu\Desktop\OpenADR-Virtual-End-Node-master\oadrlib\lib\oadr2b\VEN2b.cs:line 226
   at oadr2b_ven.ven.VenWrapper.doQueryPartyRegistration() in C:\Users\hieu\Desktop\OpenADR-Virtual-End-Node-master\oadr2b-ven\ven\VenWrapper.cs:line 159
   at oadr2b_ven.ven.VenWrapper.handleRegistration(Boolean forceReregister) in C:\Users\hieu\Desktop\OpenADR-Virtual-End-Node-master\oadr2b-ven\ven\VenWrapper.cs:line 286
[ 11/8/2019 6:33:34 PM ] [ ERROR ]: Unable to connect to the remote server
   at System.Net.HttpWebRequest.GetRequestStream(TransportContext& context)
   at System.Net.HttpWebRequest.GetRequestStream()
   at oadrlib.lib.http.HttpWebRequestWrapper.post(String url, String contentType, String content, X509Certificate2Collection certCollection) in C:\Users\hieu\Desktop\OpenADR-Virtual-End-Node-master\oadrlib\lib\http\HttpWebRequestWrapper.cs:line 144
   at oadrlib.lib.helper.VEN.postRequest(String requestBody, String endPoint, OadrRequest oadrRequest, Type responseType) in C:\Users\hieu\Desktop\OpenADR-Virtual-End-Node-master\oadrlib\lib\helper\VEN.cs:line 135
   at oadrlib.lib.oadr2b.VEN2b.postRequest(String requestBody, String endPoint, OadrRequest2b oadrRequest, Boolean expectingOadrResponse) in C:\Users\hieu\Desktop\OpenADR-Virtual-End-Node-master\oadrlib\lib\oadr2b\VEN2b.cs:line 68
   at oadrlib.lib.oadr2b.VEN2b.queryRegistration(String requestID) in C:\Users\hieu\Desktop\OpenADR-Virtual-End-Node-master\oadrlib\lib\oadr2b\VEN2b.cs:line 226
   at oadr2b_ven.ven.VenWrapper.doQueryPartyRegistration() in C:\Users\hieu\Desktop\OpenADR-Virtual-End-Node-master\oadr2b-ven\ven\VenWrapper.cs:line 159
   at oadr2b_ven.ven.VenWrapper.handleRegistration(Boolean forceReregister) in C:\Users\hieu\Desktop\OpenADR-Virtual-End-Node-master\oadr2b-ven\ven\VenWrapper.cs:line 286
[ 11/8/2019 6:33:34 PM ] [ ERROR ]: Unable to connect to the remote server
   at System.Net.HttpWebRequest.GetRequestStream(TransportContext& context)
   at System.Net.HttpWebRequest.GetRequestStream()
   at oadrlib.lib.http.HttpWebRequestWrapper.post(String url, String contentType, String content, X509Certificate2Collection certCollection) in C:\Users\hieu\Desktop\OpenADR-Virtual-End-Node-master\oadrlib\lib\http\HttpWebRequestWrapper.cs:line 144
   at oadrlib.lib.helper.VEN.postRequest(String requestBody, String endPoint, OadrRequest oadrRequest, Type responseType) in C:\Users\hieu\Desktop\OpenADR-Virtual-End-Node-master\oadrlib\lib\helper\VEN.cs:line 135
   at oadrlib.lib.oadr2b.VEN2b.postRequest(String requestBody, String endPoint, OadrRequest2b oadrRequest, Boolean expectingOadrResponse) in C:\Users\hieu\Desktop\OpenADR-Virtual-End-Node-master\oadrlib\lib\oadr2b\VEN2b.cs:line 68
   at oadrlib.lib.oadr2b.VEN2b.queryRegistration(String requestID) in C:\Users\hieu\Desktop\OpenADR-Virtual-End-Node-master\oadrlib\lib\oadr2b\VEN2b.cs:line 226
   at oadr2b_ven.ven.VenWrapper.doQueryPartyRegistration() in C:\Users\hieu\Desktop\OpenADR-Virtual-End-Node-master\oadr2b-ven\ven\VenWrapper.cs:line 159
   at oadr2b_ven.ven.VenWrapper.handleRegistration(Boolean forceReregister) in C:\Users\hieu\Desktop\OpenADR-Virtual-End-Node-master\oadr2b-ven\ven\VenWrapper.cs:line 286
[ 11/8/2019 6:33:48 PM ] [ ERROR ]: Unable to connect to the remote server
   at System.Net.HttpWebRequest.GetRequestStream(TransportContext& context)
   at System.Net.HttpWebRequest.GetRequestStream()
   at oadrlib.lib.http.HttpWebRequestWrapper.post(String url, String contentType, String content, X509Certificate2Collection certCollection) in C:\Users\hieu\Desktop\OpenADR-Virtual-End-Node-master\oadrlib\lib\http\HttpWebRequestWrapper.cs:line 144
   at oadrlib.lib.helper.VEN.postRequest(String requestBody, String endPoint, OadrRequest oadrRequest, Type responseType) in C:\Users\hieu\Desktop\OpenADR-Virtual-End-Node-master\oadrlib\lib\helper\VEN.cs:line 135
   at oadrlib.lib.oadr2b.VEN2b.postRequest(String requestBody, String endPoint, OadrRequest2b oadrRequest, Boolean expectingOadrResponse) in C:\Users\hieu\Desktop\OpenADR-Virtual-End-Node-master\oadrlib\lib\oadr2b\VEN2b.cs:line 68
   at oadrlib.lib.oadr2b.VEN2b.queryRegistration(String requestID) in C:\Users\hieu\Desktop\OpenADR-Virtual-End-Node-master\oadrlib\lib\oadr2b\VEN2b.cs:line 226
   at oadr2b_ven.ven.VenWrapper.doQueryPartyRegistration() in C:\Users\hieu\Desktop\OpenADR-Virtual-End-Node-master\oadr2b-ven\ven\VenWrapper.cs:line 159
   at oadr2b_ven.ven.VenWrapper.handleRegistration(Boolean forceReregister) in C:\Users\hieu\Desktop\OpenADR-Virtual-End-Node-master\oadr2b-ven\ven\VenWrapper.cs:line 286
[ 11/8/2019 6:33:48 PM ] [ ERROR ]: Unable to connect to the remote server
   at System.Net.HttpWebRequest.GetRequestStream(TransportContext& context)
   at System.Net.HttpWebRequest.GetRequestStream()
   at oadrlib.lib.http.HttpWebRequestWrapper.post(String url, String contentType, String content, X509Certificate2Collection certCollection) in C:\Users\hieu\Desktop\OpenADR-Virtual-End-Node-master\oadrlib\lib\http\HttpWebRequestWrapper.cs:line 144
   at oadrlib.lib.helper.VEN.postRequest(String requestBody, String endPoint, OadrRequest oadrRequest, Type responseType) in C:\Users\hieu\Desktop\OpenADR-Virtual-End-Node-master\oadrlib\lib\helper\VEN.cs:line 135
   at oadrlib.lib.oadr2b.VEN2b.postRequest(String requestBody, String endPoint, OadrRequest2b oadrRequest, Boolean expectingOadrResponse) in C:\Users\hieu\Desktop\OpenADR-Virtual-End-Node-master\oadrlib\lib\oadr2b\VEN2b.cs:line 68
   at oadrlib.lib.oadr2b.VEN2b.queryRegistration(String requestID) in C:\Users\hieu\Desktop\OpenADR-Virtual-End-Node-master\oadrlib\lib\oadr2b\VEN2b.cs:line 226
   at oadr2b_ven.ven.VenWrapper.doQueryPartyRegistration() in C:\Users\hieu\Desktop\OpenADR-Virtual-End-Node-master\oadr2b-ven\ven\VenWrapper.cs:line 159
   at oadr2b_ven.ven.VenWrapper.handleRegistration(Boolean forceReregister) in C:\Users\hieu\Desktop\OpenADR-Virtual-End-Node-master\oadr2b-ven\ven\VenWrapper.cs:line 286
[ 11/8/2019 6:34:02 PM ] [ ERROR ]: Unable to connect to the remote server
   at System.Net.HttpWebRequest.GetRequestStream(TransportContext& context)
   at System.Net.HttpWebRequest.GetRequestStream()
   at oadrlib.lib.http.HttpWebRequestWrapper.post(String url, String contentType, String content, X509Certificate2Collection certCollection) in C:\Users\hieu\Desktop\OpenADR-Virtual-End-Node-master\oadrlib\lib\http\HttpWebRequestWrapper.cs:line 144
   at oadrlib.lib.helper.VEN.postRequest(String requestBody, String endPoint, OadrRequest oadrRequest, Type responseType) in C:\Users\hieu\Desktop\OpenADR-Virtual-End-Node-master\oadrlib\lib\helper\VEN.cs:line 135
   at oadrlib.lib.oadr2b.VEN2b.postRequest(String requestBody, String endPoint, OadrRequest2b oadrRequest, Boolean expectingOadrResponse) in C:\Users\hieu\Desktop\OpenADR-Virtual-End-Node-master\oadrlib\lib\oadr2b\VEN2b.cs:line 68
   at oadrlib.lib.oadr2b.VEN2b.queryRegistration(String requestID) in C:\Users\hieu\Desktop\OpenADR-Virtual-End-Node-master\oadrlib\lib\oadr2b\VEN2b.cs:line 226
   at oadr2b_ven.ven.VenWrapper.doQueryPartyRegistration() in C:\Users\hieu\Desktop\OpenADR-Virtual-End-Node-master\oadr2b-ven\ven\VenWrapper.cs:line 159
   at oadr2b_ven.ven.VenWrapper.handleRegistration(Boolean forceReregister) in C:\Users\hieu\Desktop\OpenADR-Virtual-End-Node-master\oadr2b-ven\ven\VenWrapper.cs:line 286
[ 11/8/2019 6:34:02 PM ] [ ERROR ]: Unable to connect to the remote server
   at System.Net.HttpWebRequest.GetRequestStream(TransportContext& context)
   at System.Net.HttpWebRequest.GetRequestStream()
   at oadrlib.lib.http.HttpWebRequestWrapper.post(String url, String contentType, String content, X509Certificate2Collection certCollection) in C:\Users\hieu\Desktop\OpenADR-Virtual-End-Node-master\oadrlib\lib\http\HttpWebRequestWrapper.cs:line 144
   at oadrlib.lib.helper.VEN.postRequest(String requestBody, String endPoint, OadrRequest oadrRequest, Type responseType) in C:\Users\hieu\Desktop\OpenADR-Virtual-End-Node-master\oadrlib\lib\helper\VEN.cs:line 135
   at oadrlib.lib.oadr2b.VEN2b.postRequest(String requestBody, String endPoint, OadrRequest2b oadrRequest, Boolean expectingOadrResponse) in C:\Users\hieu\Desktop\OpenADR-Virtual-End-Node-master\oadrlib\lib\oadr2b\VEN2b.cs:line 68
   at oadrlib.lib.oadr2b.VEN2b.queryRegistration(String requestID) in C:\Users\hieu\Desktop\OpenADR-Virtual-End-Node-master\oadrlib\lib\oadr2b\VEN2b.cs:line 226
   at oadr2b_ven.ven.VenWrapper.doQueryPartyRegistration() in C:\Users\hieu\Desktop\OpenADR-Virtual-End-Node-master\oadr2b-ven\ven\VenWrapper.cs:line 159
   at oadr2b_ven.ven.VenWrapper.handleRegistration(Boolean forceReregister) in C:\Users\hieu\Desktop\OpenADR-Virtual-End-Node-master\oadr2b-ven\ven\VenWrapper.cs:line 286
